<?xml version="1.0" encoding="UTF-8"?>
<test_case name="rpm" 
	summary="check rpm database and verify all rpms"
	description="Test which check if rpm db is present and run rpm`s build in Verify method"
	xmlns:xsi="http://www.w3.org/2001/XMLSchema-instance"
	xsi:noNamespaceSchemaLocation="/usr/share/kiwi/tests/test_case.xsd">
	
	<requirements>
		<req type="directory" place="intern">/var/lib/rpm</req>
		<req type="file"      place="intern">/var/lib/rpm/__db.000</req>
		<req type="file"      place="intern">/var/lib/rpm/Packages</req>
	</requirements>
	<test type="binary"  place="extern">
		<file>rpm.sh</file>
		<params>CHROOT</params>
	</test>
</test_case>
