<?xml version="1.0" encoding="UTF-8"?>
<test_case name="cmdcheck"
	summary="test using LSB cmd check package"
	description="lsbcmdchk is a program which verifies that all the commands required by the LSB specification are present. It does not check the behaviour of those commands."
	xmlns:xsi="http://www.w3.org/2001/XMLSchema-instance"
	xsi:noNamespaceSchemaLocation="/usr/share/kiwi/tests/test_case.xsd">
	
	<requirements>
		<req type="package">lsb-cmdchk</req>
	</requirements>
	<test type="binary" place="intern">
		<file>lsb-cmdchk.sh</file>
		<params>CHROOT</params>
	</test>
</test_case>
