<?xml version="1.0" encoding="UTF-8"?>
<test_case name="ldd"
	summary="binary and library ldd test"
	description="This test check all binarires and libraries if thier dynamicaly linked libraries are present"
	xmlns:xsi="http://www.w3.org/2001/XMLSchema-instance"
	xsi:noNamespaceSchemaLocation="/usr/share/kiwi/tests/test_case.xsd">
	
	<requirements>
		<req type="file" place="intern">/usr/bin/ldd</req>
	</requirements>
	<test type="binary" place="intern">
		<file>ldd_check.sh</file>
	</test>
</test_case>
